<?xml version="1.0" encoding="UTF-8"?>
<!-- Generated by org.testng.reporters.JUnitReportReporter -->
<testsuite hostname="DESKTOP-7FG3R3G" failures="0" tests="1" name="inventoryTest.AddToProductInCartTest" time="0.679" errors="1" timestamp="2025-07-01T15:48:31 GMT-12:00" skipped="0">
  <testcase classname="inventoryTest.AddToProductInCartTest" name="tc_001_AddProductInCartTest" time="0.679">
    <error message="&#039;org.apache.logging.log4j.LogBuilder org.apache.logging.log4j.Logger.atTrace()&#039;" type="java.lang.NoSuchMethodError">
      <![CDATA[java.lang.NoSuchMethodError: 'org.apache.logging.log4j.LogBuilder org.apache.logging.log4j.Logger.atTrace()'
at org.apache.xmlbeans.impl.schema.SchemaTypeSystemImpl.<init>(SchemaTypeSystemImpl.java:199)
at org.apache.xmlbeans.metadata.system.sXMLCONFIG.TypeSystemHolder.<init>(TypeSystemHolder.java:9)
at org.apache.xmlbeans.metadata.system.sXMLCONFIG.TypeSystemHolder.<clinit>(TypeSystemHolder.java:6)
at java.base/java.lang.Class.forName0(Native Method)
at java.base/java.lang.Class.forName(Class.java:534)
at java.base/java.lang.Class.forName(Class.java:513)
at org.apache.xmlbeans.impl.schema.SchemaTypeLoaderImpl.build(SchemaTypeLoaderImpl.java:157)
at org.apache.xmlbeans.impl.schema.SchemaTypeLoaderImpl.build(SchemaTypeLoaderImpl.java:131)
at org.apache.xmlbeans.XmlBeans.typeLoaderForClassLoader(XmlBeans.java:425)
at org.openxmlformats.schemas.drawingml.x2006.main.ThemeDocument$Factory.getTypeLoader(Unknown Source)
at org.openxmlformats.schemas.drawingml.x2006.main.ThemeDocument$Factory.parse(Unknown Source)
at org.apache.poi.xssf.model.ThemesTable.<init>(ThemesTable.java:86)
at org.apache.poi.ooxml.POIXMLFactory.createDocumentPart(POIXMLFactory.java:61)
at org.apache.poi.ooxml.POIXMLDocumentPart.read(POIXMLDocumentPart.java:684)
at org.apache.poi.ooxml.POIXMLDocument.load(POIXMLDocument.java:180)
at org.apache.poi.xssf.usermodel.XSSFWorkbook.<init>(XSSFWorkbook.java:288)
at org.apache.poi.xssf.usermodel.XSSFWorkbookFactory.createWorkbook(XSSFWorkbookFactory.java:97)
at org.apache.poi.xssf.usermodel.XSSFWorkbookFactory.createWorkbook(XSSFWorkbookFactory.java:147)
at org.apache.poi.ss.usermodel.WorkbookFactory.create(WorkbookFactory.java:256)
at org.apache.poi.ss.usermodel.WorkbookFactory.create(WorkbookFactory.java:221)
at genericUtilities.FileUtility.readDataFromExcelFile(FileUtility.java:49)
at inventoryTest.AddToProductInCartTest.tc_001_AddProductInCartTest(AddToProductInCartTest.java:34)
at java.base/jdk.internal.reflect.DirectMethodHandleAccessor.invoke(DirectMethodHandleAccessor.java:103)
at java.base/java.lang.reflect.Method.invoke(Method.java:580)
at org.testng.internal.invokers.MethodInvocationHelper.invokeMethod(MethodInvocationHelper.java:139)
at org.testng.internal.invokers.TestInvoker.invokeMethod(TestInvoker.java:677)
at org.testng.internal.invokers.TestInvoker.invokeTestMethod(TestInvoker.java:221)
at org.testng.internal.invokers.MethodRunner.runInSequence(MethodRunner.java:50)
at org.testng.internal.invokers.TestInvoker$MethodInvocationAgent.invoke(TestInvoker.java:962)
at org.testng.internal.invokers.TestInvoker.invokeTestMethods(TestInvoker.java:194)
at org.testng.internal.invokers.TestMethodWorker.invokeTestMethods(TestMethodWorker.java:148)
at org.testng.internal.invokers.TestMethodWorker.run(TestMethodWorker.java:128)
at java.base/java.util.ArrayList.forEach(ArrayList.java:1596)
at org.testng.TestRunner.privateRun(TestRunner.java:806)
at org.testng.TestRunner.run(TestRunner.java:601)
at org.testng.SuiteRunner.runTest(SuiteRunner.java:433)
at org.testng.SuiteRunner.runSequentially(SuiteRunner.java:427)
at org.testng.SuiteRunner.privateRun(SuiteRunner.java:387)
at org.testng.SuiteRunner.run(SuiteRunner.java:330)
at org.testng.SuiteRunnerWorker.runSuite(SuiteRunnerWorker.java:52)
at org.testng.SuiteRunnerWorker.run(SuiteRunnerWorker.java:95)
at org.testng.TestNG.runSuitesSequentially(TestNG.java:1256)
at org.testng.TestNG.runSuitesLocally(TestNG.java:1176)
at org.testng.TestNG.runSuites(TestNG.java:1099)
at org.testng.TestNG.run(TestNG.java:1067)
at org.testng.remote.AbstractRemoteTestNG.run(AbstractRemoteTestNG.java:115)
at org.testng.remote.RemoteTestNG.initAndRun(RemoteTestNG.java:293)
at org.testng.remote.RemoteTestNG.main(RemoteTestNG.java:91)
]]>
    </error>
  </testcase> <!-- tc_001_AddProductInCartTest -->
  <system-out/>
</testsuite> <!-- inventoryTest.AddToProductInCartTest -->
